[  0000000]nitiaizing cgrupubys cpuet
   0.0000]Inttializing grup ubsyspu
[    00000 Initialzingcgrop subsys cpuact[    0.000000] Linx vesion 4.4.0-119-geneic(buid@cy01-am6401 (gcc vesion.40 20069 (Ubunt 54.6ubuu1~16.0.9) ) #143UbntSMP Mon Apr 2 6:0824 UTC 01 (Ubtu 4..0-119.13-neic 4.4114
   000000] Cmmnd line: BOOT_IAGE=/bot/linuz4..0-19-geneic ro=LABEL=cludimg-rots  consolety1 onsole=tyS0
[   0.00000 KRNEL pprte cpus:
[    0.000000]   Intel GenuineIntel
[    0.000000]   AMD AuthenticAMD
[    0.000000]   Centaur CentaurHauls
[    0.000000] x86/fpu: xstate_offset[2]:  576, xstate_sizes[2]:  256
[    0.000000] x86/fpu: Supporting XSAVE feature 0x01: 'x87 floating point registers'
[    0.000000] x86/fpu: Supporting XSAVE feature 0x02: 'SSE registers'
[    0.000000] x86/fpu: Supportingg XSAV fatre 0x04: 'X gists'
[    0.00000] 6/u: Enale xstae eaturesx7, ontextsi i 832 btesusin 'stdad' format.
[   .0000] 86/fpu Using azy' FPU context switches.[   0.000000] e20 BIOS-provided physical RAM map:
[    0.000000] BIOS-e820: [mem 0x000000000000000x000000009fbff] usbl
[   0.00000] BIOSe82: [mem 0x000000009c00-0x0000000009ff] reserd
[    0.000]BIOS-20 [mm 0x000000000f000-0x00000000000ffff] esved
[    0.00000] BOS-820: [em0x0000000010000-0x000000003ffeffff] usable
[    0.000000] BIOS-e820: [mem 0x000000003fff0000-0x000000003fffffff] ACPI data
[    0.000000] BIOS-e820: [mem 0x00000000fffc0000-0x00000000ffffffff] reserved
[    0.000000] NX(Eecute isable protecion: ati
    0.00000] MBOS .5 pren.
[    .000000 Hyprvor detcted KM
    0000] e820: last_pfn= 0x3ff0ma_ach_fn =x40000000
[    0.0000] MTRR Disbled
[    00000 x86/PAT MRRs disbld, kipig PT initializaiotoo.
[    0.0000] CU TRs al blank - virtuliedsyte.[   0.00000 x6/PAT:Confgution [0-]:WB    UCUCWB  WT U- UC  
[    0.000000] found SMP MP-table at [mem 0x0009fff0-0x0009ffff] mapped at [ffff88000009fff0]
[    0.000000] Scanning 1 areas for low memory corruption
[    0.000000] RAMDISK: [mem 0x36abe000-0x37556fff]
[    0.000000] ACPI: Early table checksum verification disabled
[    0.000000] ACPI: RSDP 0x00000000000E0000 000024 (v02 VBOX  )
[    0.000000] ACPI: XSDT 0x000000003FFF0030 00003C (v01 VBOX   VBOXXSDT 00000001 ASL  00000061)
[    0.000000] ACPI: FACP 0x000000003FFF00F0 0000F4 (v04 VBOX   VBOXFACP 00000001 ASL  00000061)
[    0.000000] ACPI: DSDT 0x000000003FFF0470 002106 (v01 VBOX   VBOXBIOS 00000002 INTL 20100528)
[    0.000000] ACPI: FACS 0x000000003FFF0200 000040
[    0.000000] ACPI: FACS 0x000000003FFF0200 000040
[    0.000000] ACPI: APIC 0x000000003FFF0240 00005C (v02 VBOX   VBOXAPIC 00000001 ASL  00000061)
[    0.000000] ACPI: SSDT 00000003FFF2A0 001CC (v01VBX VBOXPUT 000002 INTL 2010528)[   0.0000 N NMA cnfiuration fond
[   000000 Fakng anoe  [em 0x00000000000000-0x000000003ffeffff]
[    0.000000] NODE_DATA(0) allocated [mem 0x3ffeb000-0x3ffeffff]
[    0.000000] kvm-clock: Using msrs 4b564d01 and 4b564d00
[    0.000000] kvm-clock: cpu 0, msr 0:3ffe3001, primary cpu clock
[    0.000000] kvm-clock: using sched offset of 30668763 ccles
[   0.0000] ocsource: k-coc: mask: xffffffffffffff mx_yces 0x1cd42eff, ax_idl_n 88159059183 ns
[   0.000] Zon ranges:
[   0.000000]  A     [me 00000000000010000x0000000ffffff
[    0.000000]   DMA32    [mem 0x0000000001000000-0x000000003ffeffff]
[    0.000000]   Normal   empty
[    0.000000]   Device   empty
[    0.000000] Movable zone start for each node
[    0.000000] Early memory node ranges
[    0.000000]  noe  0: mem x000000000000100-0x00000009efff]
   0000000]   node   [mem 000000000100000-x0000003ffeff][    .00000] Intmemsetu node0 [mem 0x00000000000010000x000000003ffeffff]
[    0.000000] ACPI: PM-Timer IO Port: 0x4008
[    0.000000] IOAPIC[0]: apic_id 2, version 17, address 0xfec00000, GSI 0-23
[    0.000000] ACPI: INT_SRC_OVR (bus 0 bus_irq 0 global_irq 2 dfl dfl)
[    0.000000] ACPI: INT_SRC_OVR (bus 0 bus_irq 9 global_irq 9 high level)[   0.00000 UsingACPI(MAD) r MP configuatio iormatin
   0.00000] smpboot: Allowing 2 CPUs, 0 hotplug CPUs
[    0.000000] PM: Registered noavmemor: [m x000000-0x00000fff]
   0.000000] : gisterd nosae emry: [m 0009f000-0x09fff][   0.00000 P: Regitere nosave mmory [em0x0a00-0x000eff
[    0.000000 P: egsteredosae memory:[m 0000f000-x000ffff
[   .0000] e820: [mem 0x400000-0ffbfff] vailabe for PC dics
[    0000000] Booing paavirtualized kernel on KVM
[    0.000000 clocsorc: refned-jifis:mask: 0xfffff max_ccl: xffffff, maxide_ns: 7645160021156 ns
[    0.000000] setup_percpu: NR_CPUS:512 nr_cpumask_bits:512 nr_cpu_ids:2 nr_node_ids:1
[    0.000000] PERCPU: Embedded 34 pages/cpu @ffff88003fc00000 9944r8192d3528 1048576
[   000000] V spinlock hh talenties: 25 (rder: 0, 4096 bytes)
[    0.000000] Built 1 zonelists in Node order, mobility grouping on.  Total pages: 257912
[    0.000000] Policy zone: DMA32
[    0.000000] Kernel command line: BOOT_IMAGE=/boot/vmlinuz-4.4.0-119geneicoo=LABELcldig-roos o onso=ty1 onso=tyS0
[  0000000] PI hh able enties: 4096 (orde: 3, 32768 bytes)
[   0.000] Memory: 101672K/10812K availabl (532Kkernl code, 1313 rwdata, 396K odata, 508K init 1316Kbss, 648K rered, K cma-resered)    .00000] SUB: HWalin=64 Oder=03,inObjects0,PU=2, Nes=1
[    0.000] KerelUsr age ables soation: eabed
[    00000] ierarcca RCU implention.
[   000000] 	Buil-te adjustent oflea fanou to64
[    00000 	RCU retrictngCPs fromNR_PU=512 to nr_cp_i=2
[    0.0000 RCU:Adustinggeomet forrcu_fnout_leaf64nr_cu_ids2[    0.00000 NR_IQS:33024 r_qs440 16
[   0.00000]Conse:colur VGA+ 80x25
[    0.000000] consoe ty] enale
[    000000]cosoe [ttyS] abled
[    0.0000 tsc Detected 2194.918 MHz processor
[   11.078006] Calibrating delay loop (skipped) preset value.. 4389.83 BogoMIPS (lpj=8779672)
[   11.204002] pid_max: default: 32768 minimum: 301
[   11.266040] ACPI: Core revision 20150930
[   11.311860] ACPI: 2 ACPI AML tables successfully acquired and loaded
[   11.399809] Security Framework initialized
[   11.458615] Yama: becoming mindful.
[   11.498395] AppArmor: AppArmor initialized
[   11.534299] Dentry cache hash table entries: 131072 (order: 8, 1048576 bytes)
[   11.623823] Inode-cache hash table entries: 65536 (order: 7, 524288 bytes)
[   11.722827] Mount-cache hash table entries: 2048 (order: 2, 16384 bytes)
[   11.727629] Mountpoint-cache hash table entries: 2048 (order: 2, 16384 bytes)
[   11.799340] Initializing cgroup subsys io
[   11.846436] Initializing cgroup subsys memory
[   11.903095] Initializing cgroup subsys devices
[   11.978308] Initializing cgroup subsys freezer
[   12.046560] Initializing cgroup subsys net_cls
[   12.098776] Initializing cgroup subsys perf_event
[   12.155078] Initializing cgroup subsys net_prio
[   12.207406] Initializing cgroup subsys hugetlb
[   12.275008] Initializing cgroup subsys pids
[   12.318041] CPU: Physical Processor ID: 0
[   12.378933] CPU: Processor Core ID: 0
[   12.447172] FEATURE SPEC_CTRL Not Present
[   12.491244] mce: CPU supports 0 MCE banks
[   12.535578] Last level iTLB entries: 4KB 1024, 2MB 1024, 4MB 1024
[   12.587258] Last level dTLB entries: 4KB 1024, 2MB 1024, 4MB 1024, 1GB 4
[   12.654406] Spectre V2 mitigation: Mitigation: Full generic retpoline
[   12.750237] Spectre V2 mitigation: Speculation control IBPB not-supported IBRS not-supported
[   12.852127] Freeing SMP alternatives memory: 32K
[   12.918546] ftrace: allocating 32195 entries in 126 pages
[   13.049671] smpboot: APIC(0) Converting physical 0 to logical package 0
[   13.151256] smpboot: Max logical packages: 1
[   13.195814] ..TIMER: vector=0x30 apic1=0 pin1=2 apic2=-1 pin2=-1
[   13.377854] smpboot: CPU0: Intel(R) Core(TM) i7-4770HQ CPU @ 2.20GHz (family: 0x6, model: 0x46, stepping: 0x1)
[   13.517092] Performance Events: unsupported p6 CPU model 70 no PMU driver, software events only.
[   13.632899] KVM setup paravirtual spinlock
[   13.689118] x86: Booting SMP configuration:
[   13.740195] .... node  #0, CPUs:      #1
[   13.768774] kvm-clock: cpu 1, msr 0:3ffe3041, secondary cpu clock
[   13.783061] mce: CPU supports 0 MCE banks
[   13.791418] x86: Booted up 1 node, 2 CPUs
[   13.844275] smpboot: Total of 2 processors activated (8779.67 BogoMIPS)
[   13.923684] devtmpfs: initialized
[   13.959718] evm: security.selinux
[   13.982730] evm: security.SMACK64
[   13.983408] evm: security.SMACK64EXEC
[   13.984138] evm: security.SMACK64TRANSMUTE
[   13.984901] evm: security.SMACK64MMAP
[   13.985625] evm: security.ima
[   13.986260] evm: security.capability
[   13.987240] clocksource: jiffies: mask: 0xffffffff max_cycles: 0xffffffff, max_idle_ns: 7645041785100000 ns
[   13.988896] futex hash table entries: 512 (order: 3, 32768 bytes)
[   13.998253] pinctrl core: initialized pinctrl subsystem
[   14.050852] RTC time: 13:01:44, date: 04/06/18
[   14.067101] NET: Registered protocol family 16
[   14.077547] cpuidle: using governor ladder
[   14.132533] cpuidle: using governor menu
[   14.167249] PCCT header not found.
[   14.209645] ACPI: bus type PCI registered
[   14.224700] acpiphp: ACPI Hot Plug PCI Controller Driver version: 0.5
[   14.297408] PCI: Using configuration type 1 for base access
[   14.344608] ACPI: Added _OSI(Module Device)
[   14.387016] ACPI: Added _OSI(Processor Device)
[   14.415126] ACPI: Added _OSI(3.0 _SCP Extensions)
[   14.475392] ACPI: Added _OSI(Processor Aggregator Device)
[   14.500553] ACPI: Executed 1 blocks of module-level executable AML code
[   14.503765] ACPI: Interpreter enabled
[   14.504492] ACPI: (supports S0 S5)
[   14.505173] ACPI: Using IOAPIC for interrupt routing
[   14.514650] PCI: Using host bridge windows from ACPI; if necessary, use "pci=nocrs" and report a bug
[   14.635182] ACPI: PCI Root Bridge [PCI0] (domain 0000 [bus 00-ff])
[   14.712718] acpi PNP0A03:00: _OSC: OS supports [ASPM ClockPM Segments MSI]
[   14.749917] acpi PNP0A03:00: _OSC failed (AE_NOT_FOUND); disabling ASPM
[   14.796460] acpi PNP0A03:00: fail to add MMCONFIG information, can't access extended PCI configuration space under this bridge.
[   14.866015] PCI host bridge to bus 0000:00
[   14.922781] pci_bus 0000:00: root bus resource [io  0x0000-0x0cf7 window]
[   14.966517] pci_bus 0000:00: root bus resource [io  0x0d00-0xffff window]
[   15.019220] pci_bus 0000:00: root bus resource [mem 0x000a0000-0x000bffff window]
[   15.043561] pci_bus 0000:00: root bus resource [mem 0x40000000-0xffdfffff window]
[   15.044961] pci_bus 0000:00: root bus resource [bus 00-ff]
[   15.091302] pci 0000:00:01.1: legacy IDE quirk: reg 0x10: [io  0x01f0-0x01f7]
[   15.114127] pci 0000:00:01.1: legacy IDE quirk: reg 0x14: [io  0x03f6]
[   15.125937] pci 0000:00:01.1: legacy IDE quirk: reg 0x18: [io  0x0170-0x0177]
[   15.127125] pci 0000:00:01.1: legacy IDE quirk: reg 0x1c: [io  0x0376]
[   15.149214] ACPI: PCI Interrupt Link [LNKA] (IRQs 5 9 10 11) *0, disabled.
[   15.182378] ACPI: PCI Interrupt Link [LNKB] (IRQs 5 9 10 *11)
[   15.189168] ACPI: PCI Interrupt Link [LNKC] (IRQs 5 9 *10 11)
[   15.201812] ACPI: PCI Interrupt Link [LNKD] (IRQs 5 *9 10 11)
[   15.225830] ACPI: Enabled 2 GPEs in block 00 to 07
[   15.262491] vgaarb: setting as boot device: PCI:0000:00:02.0
[   15.278753] vgaarb: device added: PCI:0000:00:02.0,decodes=io+mem,owns=io+mem,locks=none
[   15.288685] vgaarb: loaded
[   15.289587] vgaarb: bridge control possible 0000:00:02.0
[   15.294411] SCSI subsystem initialized
[   15.308644] ACPI: bus type USB registered
[   15.348034] usbcore: registered new interface driver usbfs
[   15.349612] usbcore: registered new interface driver hub
[   15.353007] usbcore: registered new device driver usb
[   15.367033] PCI: Using ACPI for IRQ routing
[   15.376116] NetLabel: Initializing
[   15.377272] NetLabel:  domain hash size = 128
[   15.378716] NetLabel:  protocols = UNLABELED CIPSOv4
[   15.399820] NetLabel:  unlabeled traffic allowed by default
[   15.431592] amd_nb: Cannot enumerate AMD northbridges
[   15.434181] clocksource: Switched to clocksource kvm-clock
[   5.25] AppArmor: AppArmor Fileystem Enabled
[   15.637688] pnp: PnP ACPI init
[   15.639230] pnp: PnP ACPI: found 3 devices

[ 15652872] losouceacpipm: mas: xfffffax_cls:0xfff, ax_dlns: 085701024 ns
[   16.342751] NET: Registered protocol family 2

[   16.343759] TCP established hash table entries: 8192 (order: 4, 65536 bytes)
[   16.344944] TCP bind hash table entries: 8192 (order: 5, 131072 bytes)
[   16.346033] TCP: Hash tabs nfured(established 8192 bind 8192)
[   16.514241] UDP hash table entries: 512 (order: 2, 16384 bytes)
[   16.515247] UDP-Lite hash table entries: 512 (order: 2, 16384 bytes)
[  15138 NE: egtered protool family 
  16.994] pci000:00:00.0: Lmiin dect PCI/PCI ransfers
[  112920]ci000::0.0AcivatingSAMAha wrkouds
  7.71623] Unpackngnitrfs..

[   19.781710] Freeing initrd memory: 10852K
[   19.817103] platform rtc_cmos: registered platform RTC device (no PNP device found)
[   19.846511] Scanning for low memory corruption every 60 seconds
[   19.854851] audit: initializing netlink subsys (disabled)
[   19.855847] audit: type=2000 audit(1523019699.568:1): initialized
[   19.857098] Initialise system trusted keyring
[   19.858244] HugeTLB registered 2 MB page size, pre-allocated 0 pages
[   19.860494] zbud: loaded
[   19.861444] VFS: Disk quotas dquot_6.6.0
[   19.862228] VFS: Dquot-cache hash table entries: 512 (order 0, 4096 bytes)
[   19.916984] squashfs: version 4.0 (2009/01/31) Phillip Lougher
[   19.934435] fuse init (API version 7.23)
[   19.981903] Key type big_key registered
[   19.993670] Allocating IMA MOK and blacklist keyrings.
[   20.014644] Key type asymmetric registered
[   20.068033] Asymmetric key parser 'x509' registered
[   20.085522] Block layer SCSI generic (bsg) driver version 0.4 loaded (major 249)
[   20.112516] io scheduler noop registered
[   20.113274] io scheduler deadline registered (default)
[   20.114216] io scheduler cfq registered
[   20.155994] pci_hotplug: PCI Hot Plug PCI Core version: 0.5
[   20.178202] pciehp: PCI Express Hot Plug Controller Driver version: 0.4
[   20.233681] ACPI: AC Adapter [AC] (on-line)
[   20.255950] input: Power Button as /devices/LNXSYSTM:00/LNXPWRBN:00/input/input0
[   20.282626] ACPI: Power Button [PWRF]
[   20.290456] input: Sleep Button as /devices/LNXSYSTM:00/LNXSLPBN:00/input/input1
[   20.309611] ACPI: Sleep Button [SLPF]
[   20.352272] ACPI: Battery Slot [BAT0] (battery present)
[   20.371468] GHES: HEST is not enabled!
[   20.388520] Serial: 8250/16550 driver, 32 ports, IRQ sharing enabled
[   20.461377] 00:02: ttyS0 at I/O 0x3f8 (irq = 4, base_baud = 115200) is a 16550A
[   20.499238] Linux agpgart interface v0.103
[   20.535786] loop: module loaded
[   20.548416] scsi host0: ata_piix
[   20.564592] scsi host1: ata_piix
[   20.613645] ata1: PATA max UDMA/33 cmd 0x1f0 ctl 0x3f6 bmdma 0xd000 irq 14
[   20.633005] ata2: PATA max UDMA/33 cmd 0x170 ctl 0x376 bmdma 0xd008 irq 15
[   20.655518] libphy: Fixed MDIO Bus: probed
[   20.704829] tun: Universal TUN/TAP device driver, 1.6
[   20.719288] tun: (C) 1999-2004 Max Krasnyansky <maxk@qualcomm.com>
[   20.773392] PPP generic driver version 2.4.2
[   20.803276] ehci_hcd: USB 2.0 'Enhanced' Host Controller (EHCI) Driver
[   20.823592] tsc: Refined TSC clocksource calibration: 2194.102 MHz
[   20.880917] clocksource: tsc: mask: 0xffffffffffffffff max_cycles: 0x1fa06f4449f, max_idle_ns: 440795291989 ns
[   20.880978] ehci-pci: EHCI PCI platform driver
[   20.881015] ehci-platform: EHCI generic platform driver
[   20.881031] ohci_hcd: USB 1.1 'Open' Host Controller (OHCI) Driver
[   20.881036] ohci-pci: OHCI PCI platform driver
[   20.881050] ohci-platform: OHCI generic platform driver
[   20.881058] uhci_hcd: USB Universal Host Controller Interface driver
[   20.881121] i8042: PNP: PS/2 Controller [PNP0303:PS2K,PNP0f03:PS2M] at 0x60,0x64 irq 1,12
[   20.881634] serio: i8042 KBD port at 0x60,0x64 irq 1
[   20.881639] serio: i8042 AUX port at 0x60,0x64 irq 12
[   20.914471] mousedev: PS/2 mouse device common for all mice
[   20.914749] input: AT Translated Set 2 keyboard as /devices/platform/i8042/serio0/input/input2
[   20.915105] rtc_cmos rtc_cmos: rtc core: registered rtc_cmos as rtc0
[   20.915197] rtc_cmos rtc_cmos: alarms up to one day, 114 bytes nvram
[   20.915204] i2c /dev entries driver
[   20.915260] device-mapper: uevent: version 1.0.3
[   20.915310] device-mapper: ioctl: 4.34.0-ioctl (2015-10-28) initialised: dm-devel@redhat.com
[   20.915331] ledtrig-cpu: registered to indicate activity on CPUs
[   20.915610] NET: Registered protocol family 10
[   20.915739] NET: Registered protocol family 17
[   20.915747] Key type dns_resolver registered
[   20.915951] registered taskstats version 1
[   20.915965] Loading compiled-in X.509 certificates
[   20.916532] Loaded X.509 cert 'Build time autogenerated kernel key: f854e06633b5f496ced5b2e02c7b14f761b69302'
[   20.916547] zswap: loaded using pool lzo/zbud
[   20.918130] Key type trusted registered
[   20.920894] Key type encrypted registered
[   20.920899] AppArmor: AppArmor sha1 policy hashing enabled
[   20.920901] ima: No TPM chip found, activating TPM-bypass!
[   20.920918] evm: HMAC attrs: 0x1
[   20.921160]   Magic number: 14:775:27
[   20.946611] rtc_cmos rtc_cmos: setting system clock to 2018-04-06 13:01:50 UTC (1523019710)
[   20.946730] BIOS EDD facility v0.16 2004-Jun-25, 0 devices found
[   20.946730] EDD information not available.
[   21.616065] Freeing unused kernel memory: 1508K
[   22.603937] Write protecting the kernel read-only data: 14336k
[   22.606639] Freeing unused kernel memory: 1696K
[   22.648238] Freeing unused kernel memory: 100K
Loading, please wait...
[   22.698680] random: systemd-udevd: uninitialized urandom read (16 bytes read, 4 bits of entropy available)
starting version[   22.699437] random: udevadm: uninitialized urandom read (16 bytes read, 4 bits of entropy available)
 229
[   22.699461] random: udevadm: uninitialized urandom read (16 bytes read, 4 bits of entropy available)
[   22.713817] random: udevadm: uninitialized urandom read (16 bytes read, 4 bits of entropy available)
[   22.713868] random: udevadm: uninitialized urandom read (16 bytes read, 4 bits of entropy available)
[   22.714041] random: udevadm: uninitialized urandom read (16 bytes read, 4 bits of entropy available)
[   22.714110] random: udevadm: uninitialized urandom read (16 bytes read, 4 bits of entropy available)
[   22.714230] random: udevadm: uninitialized urandom read (16 bytes read, 4 bits of entropy available)
[   22.714299] random: udevadm: uninitialized urandom read (16 bytes read, 4 bits of entropy available)
[   22.714364] random: udevadm: uninitialized urandom read (16 bytes read, 4 bits of entropy available)
[   23.249642] e1000: Intel(R) PRO/1000 Network Driver - version 7.3.21-k8-NAPI
[   23.296707] e1000: Copyright (c) 1999-2006 Intel Corporation.
[   23.326372] Fusion MPT base driver 3.04.20
[   23.383155] Copyright (c) 1999-2008 LSI Corporation
[   23.411889] AVX version of gcm_enc/dec engaged.
[   23.435997] AES CTR mode by8 optimization enabled
[   23.485676] Fusion MPT SPI Host driver 3.04.20
[   23.525432] input: ImExPS/2 Generic Explorer Mouse as /devices/platform/i8042/serio1/input/input4
[   23.918841] e1000 0000:00:03.0 eth0: (PCI:33MHz:32-bit) 02:43:34:32:a4:f6
[   23.949984] e1000 0000:00:03.0 eth0: Intel(R) PRO/1000 Network Connection
[   23.971785] mptbase: ioc0: Initiating bringup
[   24.071068] ioc0: LSI53C1030 A0: Capabilities={Initiator}
[   24.288444] scsi host2: ioc0: LSI53C1030 A0, FwRev=00000000h, Ports=1, MaxQ=256, IRQ=20
[   24.426647] scsi 2:0:0:0: Direct-Access     VBOX     HARDDISK         1.0  PQ: 0 ANSI: 5
[   24.488318] scsi target2:0:0: Beginning Domain Validation
[   24.550701] scsi target2:0:0: Domain Validation skipping write tests
[   24.578917] scsi target2:0:0: Ending Domain Validation
[   24.579998] scsi target2:0:0: asynchronous
[   24.581346] scsi 2:0:1:0: Direct-Access     VBOX     HARDDISK         1.0  PQ: 0 ANSI: 5
[   24.635409] scsi target2:0:1: Beginning Domain Validation
[   24.657234] scsi target2:0:1: Domain Validation skipping write tests
[   24.672774] scsi target2:0:1: Ending Domain Validation
[   24.673862] scsi target2:0:1: asynchronous
[   24.695534] sd 2:0:0:0: Attached scsi generic sg0 type 0
[   24.715761] sd 2:0:0:0: [sda] 20971520 512-byte logical blocks: (10.7 GB/10.0 GiB)
[   24.747833] sd 2:0:1:0: [sdb] 20480 512-byte logical blocks: (10.5 MB/10.0 MiB)
[   24.788571] sd 2:0:1:0: Attached scsi generic sg1 type 0
[   24.788908] sd 2:0:1:0: [sdb] Write Protect is off
[   24.789040] sd 2:0:1:0: [sdb] Incomplete mode parameter data
[   24.789041] sd 2:0:1:0: [sdb] Assuming drive cache: write through
[   24.791254] sd 2:0:1:0: [sdb] Attached SCSI disk
[   24.846439] sd 2:0:0:0: [sda] Write Protect is off
[   24.846635] sd 2:0:0:0: [sda] Incomplete mode parameter data
[   24.846637] sd 2:0:0:0: [sda] Assuming drive cache: write through
[   24.848137]  sda: sda1
[   24.849069] sd 2:0:0:0: [sda] Attached SCSI disk
[   24.889821] e1000 0000:00:08.0 eth1: (PCI:33MHz:32-bit) 08:00:27:dd:fc:ac
[   24.889823] e1000 0000:00:08.0 eth1: Intel(R) PRO/1000 Network Connection
[   24.945939] e1000 0000:00:08.0 enp0s8: renamed from eth1
[   25.100815] e1000 0000:00:03.0 enp0s3: renamed from eth0
[   26.263087] floppy0: no floppy controllers found
Begin: Loading e[   27.728497] md: linear personality registered for level -1
ssential drivers ... [   27.815501] md: multipath personality registered for level -4
[   27.842851] md: raid0 personality registered for level 0
[   27.858951] md: raid1 personality registered for level 1
[   27.978216] raid6: sse2x1   gen()  9279 MB/s
[   28.086182] raid6: sse2x1   xor()  6665 MB/s
[   28.186207] raid6: sse2x2   gen() 11747 MB/s
[   28.282198] raid6: sse2x2   xor()  7783 MB/s
[   28.366681] raid6: sse2x4   gen() 13488 MB/s
[   28.478264] raid6: sse2x4   xor()  9256 MB/s
[   28.531838] raid6: using algorithm sse2x4 gen() 13488 MB/s
[   28.578637] raid6: .... xor() 9256 MB/s, rmw enabled
[   28.618706] raid6: using ssse3x2 recovery algorithm
[   28.672813] xor: automatically using best checksumming function:
[   28.738216]    avx       : 19988.000 MB/sec
[   28.791424] async_tx: api initialized (async)
[   28.823063] md: raid6 personality registered for level 6
[   28.878696] md: raid5 personality registered for level 5
[   28.955929] md: raid4 personality registered for level 4
[   28.991755] md: raid10 personality registered for level 10
done.
Begin: Running /scripts/init-premount ... done.
Begin: Mounting[   29.089003] Btrfs loaded
 root file system ... Begin: Running /scripts/local-top ... done.
Begin: Running /scripts/local-premount ... Scanning for Btrfs filesystems
do[   29.143472] EXT4-fs (sda1): mounted filesystem with ordered data mode. Opts: (null)
ne.
Warning: fsck not present, so skipping root file system
done.
Begin: Running /scripts/local-bottom ... done.
Begin: Running /scripts/init-bottom ... done.
[   29.273296] systemd[1]: systemd 229 running in system mode. (+PAM +AUDIT +SELINUX +IMA +APPARMOR +SMACK +SYSVINIT +UTMP +LIBCRYPTSETUP +GCRYPT +GNUTLS +ACL +XZ -LZ4 +SECCOMP +BLKID +ELFUTILS +KMOD -IDN)
[   29.392469] systemd[1]: Detected virtualization oracle.
[   29.431883] systemd[1]: Detected architecture x86-64.

Welcome to [1mUbuntu 16.04.4 LTS[0m!

[  2527414 stemd[1]:Set hostna t <unu>.
[   29.896648] systemd[1]: Initializing machine ID from random generator.
[   29.978273] systemd[1]: Installed transient /etc/machine-id file.
[   30.160212] systemd[1]: Listening on Journal Socket.
[[0;32m  OK  [0m] Listening on Journal Socket.
[  302875] stemd[1]:Lienng o Dic-mpper een daemon FFO.
[[0;32m  OK  [0m] Listening on Device-mapper event daemon FIFOs.
[   30.71018]syemd[1]: Rachedtaet Usr d Grup amLookups.
[[0;32m  OK  [0m] Reached target User and Group Name Lookups.
[  3.237] sstmd[1 Reacedargt wa
[[0;32m  OK  [0m] Reached target Swap.
[   31.626211] systemd[1]: Listening on udev Kernel Socket.
[[0;32m  OK  [0m] Listening on udev Kernel Socket.
[ 31.766] sytemd1]: Lisning on udev Control Socket
[[0;32m  OK  [0m] Listening on udev Control Socket.
[   .035] stemd1]:Lieng on LM2 poll daemon socket.
[[0;32m  OK  [0m] Listening on LVM2 poll daemon socket.
[   32.434374] systemd[1]: Created slice User and Session Slice.
[[0;32m  OK  [0m] Created slice User and Session Slice.
[   32.5065] systmd1]: Startd orwrdPasswod Reuetso Wallirctory Wtc
[[0;32m  OK  [0m] Started Forward Password Requests to Wall Directory Watch.
[   33.0891]ysmd1]:et p toount Abirary ExecublFileFomats Fie stem utout Point.

[[0;32m  OK  [0m] Set up automount Arbitrary Executab...ats File System Automount Point.
[  379494] sstd[1]: Lisening on /dev/intcl omtiiltyNaed Ppe

[[0;32m  OK  [0m] Listening on /dev/initctl Compatibility Named Pipe.
[   34.326658] systmd1]: ReahetaetEnyped Volues

[[0;32m  OK  [0m] Reached target Encrypted Volumes.
[   34.70611]syemd[1: LstingonLVM2 etadata demn ckt.
[[0;32m  OK  [0m] Listening on LVM2 metadata daemon socket.
[   5.308]ysmd[1]: Lstenngonournl di Socket.
[[0;32m  OK  [0m] Listening on Journal Audit Socket.
[   35.616914] systemd[1]: Created slice System Slice.
[[0;32m  OK  [0m] Created slice System Slice.
[   35.638441] systemd[1]: Starting Load Kernel Modules...
[   35.695937] random: nonblocking pool is initialized
         Starting Load Kernel Modules...[   35.710518] Loading iSCSI transport class v2.0-870.

[   35.757343] systemd[1]: Mounting Huge Pages File System...
         Mounting Huge Pa[   35.788507] iscsi: registered transport (tcp)
ges File System...
[   35.804401] systemd[1]: Starting Create list of required static device nodes for the current kernel...
         Starting Create list of required[   35.869628] iscsi: registered transport (iser)
 st... nodes for the current kernel...
[   35.926408] systemd[1]: Mounting POSIX Message Queue File System...
         Mounting POSIX Message Queue File System...
[   36.050366] systemd[1]: Starting Monitoring of LVM2 mirrors, snapshots etc. using dmeventd or progress polling...
         Starting Monitoring of LVM2 mirrors... dmeventd or progress polling...
[   36.234627] systemd[1]: Starting Uncomplicated firewall...
         Starting Uncomplicated firewall...
[   36.298507] systemd[1]: Starting Set console keymap...
         Starting Set console keymap...
[   36.383122] systemd[1]: Starting Nameserver information manager...
         Starting Nameserver information manager...
[   36.422634] systemd[1]: Reached target Slices.
[[0;32m  OK  [0m] Reached target Slices.
[   36.502910] systemd[1]: Starting Remount Root and Kernel File Systems...
         Starting Remount Root and Kernel[   36.582846] EXT4-fs (sda1): re-mounted. Opts: (null)
 File Systems...
[   36.643812] systemd[1]: Created slice system-serial\x2dgetty.slice.
[[0;32m  OK  [0m] Created slice system-serial\x2dgetty.slice.
[   36.664800] systemd[1]: Started Trigger resolvconf update for networkd DNS.
[[0;32m  OK  [0m] Started Trigger resolvconf update for networkd DNS.
[   36.667479] systemd[1]: Listening on Journal Socket (/dev/log).
[[0;32m  OK  [0m] Listening on Journal Socket (/dev/log).
[   36.686514] systemd[1]: Mounting Debug File System...
         Mounting Debug File System...
[   36.750982] systemd[1]: Listening on Syslog Socket.
[[0;32m  OK  [0m] Listening on Syslog Socket.
[   36.790672] systemd[1]: Starting Journal Service...
         Starting Journal Service...
[   36.846459] systemd[1]: Reached target System Time Synchronized.
[[0;32m  OK  [0m] Reached target System Time Synchronized.
[   6.935]syem1]Montd Huge Pages File System.

[[0;32m  OK  [0m] Mounted Huge Pages File System.
[  37.340583] syste[1]: Mounted POSIX Message Queue File System.

[[0;32m  OK  [0m] Mounted POSIX Message Queue File System.
[ 37503242 sstd[1]: Mounted Debug File System.
[[0;32m  OK  [0m] Mounted Debug File System.
[  37.748] systmd1]: tated Journal Seric
[[0;32m  OK  [0m] Started Journal Service.
[[0;32m  OK  [0m] Started Load Kernel Modules.
[[0;32m  OK  [0m] Started Create list of required sta...ce nodes for the current kernel.
[[0;32m  OK  [0m] Started Uncomplicated firewall.
[[0;32m  OK  [0m] Started Set console keymap.
[[0;32m  OK  [0m] Started Remount Root and Kernel File Systems.
[[0;32m  OK  [0m] Started Nameserver information manager.
[[0;32m  OK  [0m] Started LVM2 metadata daemon.
         Starting Load/Save Random Seed...
         Starting udev Coldplug all Devices...
         Starting Initial cloud-init job (pre-networking)...
         Starting Create Static Device Nodes in /dev...
         Starting Apply Kernel Variables...
         Mounting FUSE Control File System...
         Starting Flush Journal to Persistent Storage...
[[0;32m  OK  [0m] Mounted FUSE Control File System.
[[0;32m  OK  [0m] Started Load/Save Random Seed.
[[0;32m  OK  [0m] Started Monitoring of LVM2 mirrors,...ng dmeventd or progress polling.
[[0;32m  OK  [0m] Started Create Static Device Nodes in /dev.
[[0;32m  OK  [0m] Started Apply Kernel Variables.
[[0;32m  OK  [0m] Started udev Coldplug all Devices.
[[0;32m  OK  [0m] Started Flush Journal to Persistent Storage.
         Starting udev Kernel Device Manager...
[[0;32m  OK  [0m] Started udev Kernel Device Manager.
[[0;32m  OK  [0m] Started Dispatch Password Requests to Console Directory Watch.
[[0;32m  OK  [0m] Reached target Local File Systems (Pre).
[[0;32m  OK  [0m] Reached target Local File Systems.
         Starting Set console font and keymap...
         Starting LSB: AppArmor initialization...
         Starting Commit a transient machine-id on disk...
         Starting Create Volatile Files and Directories...
         Starting Tell Plymouth To Write Out Runtime Data...
[[0;32m  OK  [0m] Started Commit a transient machine-id on disk.
[[0;32m  OK  [0m] Started Create Volatile Files and Directories.
[[0;32m  OK  [0m] Started Tell Plymouth To Write Out Runtime Data.
[[0;32m  OK  [0m] Found device /dev/ttyS0.
         Starting Update UTMP about System Boot/Shutdown...
[[0;32m  OK  [0m] Started Update UTMP about System Boot/Shutdown.
[   24.927589] cloud-init[449]: Cloud-init v. 17.2 running 'init-local' at Fri, 06 Apr 2018 13:02:08 +0000. Up 24.32 seconds.
[[0;32m  OK  [0m] Started Initial cloud-init job (pre-networking).
[[0;32m  OK  [0m] Found device 82540EM Gigabit Ethern...r (PRO/1000 MT Desktop Adapter).
[[0;32m  OK  [0m] Listening on Load/Save RF Kill Switch Status /dev/rfkill Watch.
[[0;32m  OK  [0m] Reached target Network (Pre).
[[0;1;31mFAILED[0m] Failed to start Set console font and keymap.
See 'systemctl status console-setup.service' for details.
[[0;32m  OK  [0m] Started LSB: AppArmor initialization.
[[0;32m  OK  [0m] Started ifup for enp0s3.
         Starting Raise network interfaces...
[[0;32m  OK  [0m] Created slice system-getty.slice.
[[0;32m  OK  [0m] Started Raise network interfaces.
         Starting Initial cloud-init job (metadata service crawler)...
[[0;32m  OK  [0m] Reached target Network.
[   28.586966] cloud-init[943]: Cloud-init v. 17.2 running 'init' at Fri, 06 Apr 2018 13:02:12 +0000. Up 27.91 seconds.
[   28.640474] cloud-init[943]: ci-info: ++++++++++++++++++++++++++++++++++++++Net device info++++++++++++++++++++++++++++++++++++++
[   28.706470] cloud-init[943]: ci-info: +--------+-------+----------------------------+---------------+-------+-------------------+
[   28.706751] cloud-init[943]: ci-info: | Device |   Up  |          Address           |      Mask     | Scope |     Hw-Address    |
[[0;32m  OK  [0m] Started Initial cloud-init job (metadata service crawler).
[   28.706983] cloud-init[943]: ci-info: +--------+-------+----------------------------+---------------+-------+-------------------+
[   28.997388] cloud-init[943]: ci-info: | enp0s3 |  True |         10.0.2.15          | 255.255.255.0 |   .   | 02:43:34:32:a4:f6 |
[   28.997683] cloud-init[943]: ci-info: | enp0s3 |  True | fe80::43:34ff:fe32:a4f6/64 |       .       |  link | 02:43:34:32:a4:f6 |
[[0;32m  OK  [0m] Reached target Cloud-config availability.
[[   28.997838] cloud-init[943]: ci-info: | enp0s8 | False |             .              |       .       |   .   | 08:00:27:dd:fc:ac |
[   29.177162] cloud-init[943]: ci-info: |   lo   |  True |         127.0.0.1          |   255.0.0.0   |   .   |         .         |
[   29.177491] cloud-init[943]: ci-info: |   lo   |  True |          ::1/128           |       .       |  host |         .         |
[   29.177694] cloud-init[943]: ci-info: +--------+-------+----------------------------+---------------+-------+-------------------+
[   29.177872] cloud-init[943]: ci-info: +++++++++++++++++++++++++++Route IPv4 info++++++++++++++++++++++++++++
[   29.178062] cloud-init[943]: ci-info: +-------+-------------+----------+---------------+-----------+-------+
[   29.178254] cloud-init[943]: ci-info: | Route | Destination | Gateway  |    Genmask    | Interface | Flags |
[0;32m  OK  [0m] Reached target Network is Online.
[   29.178460] cloud-init[943]: ci-info: +-------+-------------+----------+---------------+-----------+-------+
[   29.808635] cloud-init[943]: ci-info: |   0   |   0.0.0.0   | 10.0.2.2 |    0.0.0.0    |   enp0s3  |   UG  |
[   29.809013] cloud-init[943]: ci-info: |   1   |   10.0.2.0  | 0.0.0.0  | 255.255.255.0 |   enp0s3  |   U   |
         Starting iSCSI initiator daemon (iscsid)...
[[   29.809182] cloud-init[943]: ci-info: +-------+-------------+----------+---------------+-----------+-------+
[0;32m  OK  [0m] Reached target System Initialization.
[[   30.049314] cloud-init[943]: Generating public/private rsa key pair.
[   30.149947] cloud-init[943]: Your identification has been saved in /etc/ssh/ssh_host_rsa_key.
[0;32m  OK  [0m] Listening on UUID daemon activation socket.
[   30.150080] cloud-init[943]: Your public key has been saved in /etc/ssh/ssh_host_rsa_key.pub.
[   30.311470] cloud-init[[943]: [0;32m  OK  [0mThe key fingerprint is:] 
Started Daily Cleanup of Temporary Directories.
[   30.311661] cloud-init[943]: SHA256:YpZhx8genzgNsObicf2a4KWC1E4EdEtGyJ5vEPoBCb4 root@ubuntu-xenial
[[   30.407866] cloud-init[943]: The key's randomart image is:
[   30.408221] cloud-init[943]: +---[RSA 2048]----+
[   30.408347] cloud-init[943]: |=oo=.            |
[   30.408474] cloud-init[943]: |+=+ .+ o         |
[   30.408604] cloud-init[943]: |oo+.o B o        |
[   30.408733] cloud-init[943]: |.+o+ + X .       |
[0;32m  OK  [0m] Started Timer to automatically refresh installed snaps.
[   30.408862] cloud-init[943]: | EB.o X S        |
         [   30.640435] Starting Socket activation for snappy daemon.cloud-init
[943]: | o.O o +         |
[   30.670415] cloud-init[943]: |..= . . .        |
[   30.670669] cloud-init[943]: |. .o + o         |
[   30.670797] cloud-init[943]: |   .o o          |
[   30.670928] cloud-init[943]: +----[SHA256]-----+
[   30.671069] cloud-init[943]: Generating public/private dsa key pair.
[   30.671201] cloud-init[943]: Your identification has been saved in /etc/ssh/ssh_host_dsa_key.
[   30.671329] cloud-init[943]: Your public key has been saved in /etc/ssh/ssh_host_dsa_key.pub.
[   30.671457] cloud-init[943]: The key fingerprint is:
[   30.671585] cloud-init[943]: SHA256:ayKrPTJcISKSCSXA2aJYf5hAedyrniERfgmnPYTFhjI root@ubuntu-xenial
         Starting LXD - unix socket.
[   30.671720] cloud-init[943]: The key's randomart image is:
[   31.072665] cloud-init[943]: +---[DSA 1024]----+
[[0;32m  OK  [0m] Listening on D-Bus System Message Bus Socket.
[[   31.072820] cloud-init[943]: |=o=B..           |
[   31.107182] cloud-init[943]: |E=O.B .          |
[0;32m  OK  [0m] Started Daily apt download activities.
[[   31.107304] cloud-init[943]: |+B.% + .         |
[   31.209147] cloud-init[943]: |O = X o          |
[0;32m  OK  [0m] Started Daily apt upgrade and clean activities.
[[   31.209279] cloud-init[943]: |o. + =  S        |
[   31.274739] cloud-init[943]: |  . +    .       |
[   31.274829] cloud-init[943]: | . +.o. o        |
[   31.274960] cloud-init[943]: |  +.+o o         |
[   31.275094] cloud-init[943]: |  .+o.           |
[   31.275226] cloud-init[943]: +----[SHA256]-----+
[   31.275361] cloud-init[943]: Generating public/private ecdsa key pair.
[0;32m  OK  [0m] Reached target Timers.
[[   31.275494] cloud-init[943]: Your identification has been saved in /etc/ssh/ssh_host_ecdsa_key.
[   31.477089] cloud-init[943]: Your public key has been saved in /etc/ssh/ssh_host_ecdsa_key.pub.
[0;32m  OK  [0m] Listening on ACPID Listen Socket.
[   31.477235] cloud-init[943]: The key fingerprint is:
[[   31.676520] cloud-init[943]: SHA256:UGXTq8sl2vAnidtHHRaz96kFu1B9I0JK8RCvpVhPxC8 root@ubuntu-xenial
[   31.677004] cloud-init[943]: The key's randomart image is:
[0;32m  OK  [0m] Started ACPI Events Check.
[   31.677126] cloud-init[943]: +---[ECDSA 256]---+
[   31.821547] cloud-init[943]: |        .=Bo     |
[[0;32m  OK  [0m] Reached target Paths.
[   31.821652] cloud-init[943]: |       . o=+. o  |
[   31.944372] cloud-init[943]: |      . ..o=...+ |
[   31.944710] cloud-init[943]: |       .o.*E.=+oo|
[[0;32m  OK  [0m] Listening on Socket activation for snappy daemon.
[[0;32m  OK  [0m] Listening on LXD - unix socket.
[[0;32m  OK  [0m] Started iSCSI initiator daemon (iscsid).
[   31.944811] cloud-init[943]: |       .So o+o+o=|
[   32.092336] cloud-init[943]: |        . o.o..o.|
[   32.124302] cloud-init[943]: |         B *. +  |
[   32.156443] cloud-init[943]: |        o.B oo   |
[   32.192299] cloud-init[943]: |        ...+     |
         Starting Login to default iSCSI targets...
[[0;32m  OK  [0m] Reached target Sockets.
[[0;32m  OK  [0m] Reached target Basic System.
[   32.219456] cloud-init[943]: +----[SHA256]-----+
[   32.340835] cloud-init[943]: Generating public/private ed25519 key pair.
         Starting System Logging Service...
[   32.390805] cloud-init[943]: Your identification has been saved in /etc/ssh/ssh_host_ed25519_key.
[   32.476557] [cloud-init[0;32m  OK  [0m[943]: ] Your public key has been saved in /etc/ssh/ssh_host_ed25519_key.pub.Started Deferred execution scheduler.

[   32.477132] cloud-init[943]: The key fingerprint is:
[   32.580307] [cloud-init[0;32m  OK  [0m[943]: ] SHA256:AwyqqrS10KAZ999ztOKZWJcMZz2a2Om/R3iqGsQDjh4 root@ubuntu-xenialStarted D-Bus System Message Bus.

[   32.580716] cloud-init[943]: The key's randomart image is:
[   32.664310]          cloud-initStarting Apply the settings specified in cloud-config...[943]: 
+--[ED25519 256]--+
[   32.732383] cloud-init[943]: |    .            |
         Starting /etc/rc.local Compatibility...
[   32.756520] cloud-init[943]: |   . o           |
         Starting Pollinate to seed the pseudo random number generator...
[   32.818741] cloud-init[943]: |  .   +          |
         Starting Virtualbox guest utils...
[   32.894736] cloud-init[943]: | .   o +   .     |
[[0;32m  OK  [0m] Started Regular background program processing daemon.
[[0;32m  OK  [0m] Started FUSE filesystem for LXC.
         Starting Accounts Service...
[   32.943761] cloud-init[943]: |o.. E . S o o.   |
[   33.068396]          cloud-initStarting Snappy daemon...[943]: 
|o+oo . . X.=..o  |
[   33.068893] cloud-init[943]: |+o oo   +.O. +   |
[[0;32m  OK  [0m] Started ACPI event daemon.
[   33.157903]          cloud-initStarting LXD - container startup/shutdown...[943]: 
|o + .. +o*o . .  |
         Starting Login Service...
[   33.234461] [cloud-init[0;32m  OK  [0m[943]: ] |.. .  o.*=oooo   |Started Unattended Upgrades Shutdown.

[   33.257005] cloud-init[943]: +----[SHA256]-----+
         Starting LSB: Record successful boot for GRUB...
[   33.289662] cloud-init[1054]: Generating locales (this might take a while)...
         Starting LSB: MD monitoring daemon...
[[0;32m  OK  [0m] Started System Logging Service.
[[0;32m  OK  [0m] Started Snappy daemon.
[[0;32m  OK  [0m] Started /etc/rc.local Compatibility.
[[0;32m  OK  [0m] Started Pollinate to seed the pseudo random number generator.
[[0;32m  OK  [0m] Started LXD - container startup/shutdown.
[[0;32m  OK  [0m] Started Login to default iSCSI targets.
[[0;32m  OK  [0m] Started LSB: MD monitoring daemon.
[[0;32m  OK  [0m] Started LSB: Record successful boot for GRUB.
[[0;32m  OK  [0m] Started Login Service.
[[0;32m  OK  [0m] Started Virtualbox guest utils.
         Starting Authenticate and Authorize Users to Run Privileged Tasks...
[[0;32m  OK  [0m] Reached target Remote File Systems (Pre).
[[0;32m  OK  [0m] Reached target Remote File Systems.
         Starting LSB: daemon to balance interrupts for SMP systems...
         Starting LSB: Set the CPU Frequency Scaling governor to "ondemand"...
         Starting Permit User Sessions...
         Starting LSB: automatic crash report generation...
         Starting OpenBSD Secure Shell server...
[[0;32m  OK  [0m] Started OpenBSD Secure Shell server.
[[0;32m  OK  [0m] Started Permit User Sessions.
[[0;32m  OK  [0m] Started Authenticate and Authorize Users to Run Privileged Tasks.
[[0;32m  OK  [0m] Started Accounts Service.
[[0;32m  OK  [0m] Started LSB: Set the CPU Frequency Scaling governor to "ondemand".
[[0;32m  OK  [0m] Started LSB: daemon to balance interrupts for SMP systems.
[   34.269378] cloud-init[1054]:   en_US.UTF-8... done
[[0;32m  OK  [0m] Started LSB: automatic crash report generation.
[   34.328296] cloud-init[1054]: Generation complete.
[[0;32m  OK  [0m] Created slice User Slice of vagrant.
[[0;32m  OK  [0m] Started Session 1 of user vagrant.
         Starting User Manager for UID 1000...
         Starting Hold until boot process finishes up...
[   34.553483] cloud-init[1054]: Cloud-init v. 17.2 running 'modules:config' at Fri, 06 Apr 2018 13:02:17 +0000. Up 32.94 seconds.
         Starting Terminate Plymouth Boot Screen...
[[0;32m  OK  [0m] Started User Manager for UID 1000.
[[0;32m  OK  [0m] Started Apply the settings specified in cloud-config.
[[0;32m  OK  [0m] Started Hold until boot process finishes up.
[[0;32m  OK  [0m] Started Terminate Plymouth Boot Screen.
[[0;32m  OK  [0m] Started Serial Getty on ttyS0.
         Starting Set console scheme...
[[0;32m  OK  [0m] Started Getty on tty1.
[[0;32m  OK  [0m] Reached target Login Prompts.
[[0;32m  OK  [0m] Reached target Multi-User System.
[[0;32m  OK  [0m] Reached target Graphical Interface.
         Starting Update UTMP about System Runlevel Changes...
         Starting Execute cloud user/final scripts...
[[0;32m  OK  [0m] Started Set console scheme.
[[0;32m  OK  [0m] Started Update UTMP about System Runlevel Changes.
ci-info: no authorized ssh keys fingerprints found for user ubuntu.
<14>Apr  6 13:02:20 ec2: 
<14>Apr  6 13:02:20 ec2: #############################################################
<14>Apr  6 13:02:20 ec2: -----BEGIN SSH HOST KEY FINGERPRINTS-----
<14>Apr  6 13:02:20 ec2: 1024 SHA256:ayKrPTJcISKSCSXA2aJYf5hAedyrniERfgmnPYTFhjI root@ubuntu-xenial (DSA)
<14>Apr  6 13:02:20 ec2: 256 SHA256:UGXTq8sl2vAnidtHHRaz96kFu1B9I0JK8RCvpVhPxC8 root@ubuntu-xenial (ECDSA)
<14>Apr  6 13:02:20 ec2: 256 SHA256:AwyqqrS10KAZ999ztOKZWJcMZz2a2Om/R3iqGsQDjh4 root@ubuntu-xenial (ED25519)
<14>Apr  6 13:02:20 ec2: 2048 SHA256:YpZhx8genzgNsObicf2a4KWC1E4EdEtGyJ5vEPoBCb4 root@ubuntu-xenial (RSA)
<14>Apr  6 13:02:20 ec2: -----END SSH HOST KEY FINGERPRINTS-----
<14>Apr  6 13:02:20 ec2: #############################################################
-----BEGIN SSH HOST KEY KEYS-----
ecdsa-sha2-nistp256 AAAAE2VjZHNhLXNoYTItbmlzdHAyNTYAAAAIbmlzdHAyNTYAAABBBEk8B8qVfzNL2cIKQs+X/F9FkFBmnYsUCnWDTwR06VLTO2kPq2xZuqs45eZRjJi/yQgzMD9gLPNQbvV1qJnYQf4= root@ubuntu-xenial
ssh-ed25519 AAAAC3NzaC1lZDI1NTE5AAAAIIX/VeGpmmtPWh0XfpCcJNCpD7E8XbUgXuHm/Afo/1DA root@ubuntu-xenial
ssh-rsa AAAAB3NzaC1yc2EAAAADAQABAAABAQDAaLbI/a6k/za7lF+wW009ZNXcwVz1Si/pdhe2IZpcuPMcANqGRqpCKQN0xGgFbNDJKVmitgFY8B2AC81LlzNVRT4Sqh0W3nhcHFPHEBKqi4eq9Zst5A37+ZgXBUnhyvt/6nYQs7vpCzW/KGjhZf1A3iOQyEDgmUHSaIQ/G2kYcKCrnUdDQpt6wDllT1gcBs7rLguthVKGt9B2SWqrdHGtzdR3iMYxL3EQUW+uU9a919Lc+v5jNngfGGMxkOICOFToTIvCTUeAyFSdydxmdBuIq1VuxXnaAp+ynflG5xxmbyd1AkoE9vwb+b4VSpxpQ7H4/KUjzAa909G7xsBXM6v9 root@ubuntu-xenial
-----END SSH HOST KEY KEYS-----
[   36.558678] cloud-init[1302]: Cloud-init v. 17.2 running 'modules:final' at Fri, 06 Apr 2018 13:02:20 +0000. Up 35.55 seconds.
[   36.662841] [cloud-init[0;32m  OK  [0m[1302]: ] ci-info: no authorized ssh keys fingerprints found for user ubuntu.Started Execute cloud user/final scripts.

[   36.663551] cloud-init[1302]: Cloud-init v. 17.2 finished at Fri, 06 Apr 2018 13:02:21 +0000. Datasource DataSourceNoCloud [seed=/dev/sdb][dsmode=net].  Up 36.55 seconds
[[0;32m  OK  [0m] Reached target Cloud-init target.

Ubuntu 16.04.4 LTS ubuntu-xenial ttyS0

ubuntu-xenial login: 